21116: 17:54:39.241 - ---
21116: 17:54:39.241 - Service: "Photon Socket Server" starting
21116: 17:54:39.241 - Config File: D:\FantasyOfSango\Server\TestServer\Photon_v4\deploy\bin_Win64\PhotonServer.config
21116: 17:54:39.242 - Will produce at most: 10 crash dumps
21116: 17:54:39.242 - Service shutting down
21116: 17:54:39.244 - Service shut down complete
12876: 18:13:00.586 - ---
12876: 18:13:00.586 - Service: "Photon Socket Server" starting
12876: 18:13:00.586 - Config File: D:\FantasyOfSango\Server\TestServer\Photon_v4\deploy\bin_Win64\PhotonServer.config
12876: 18:13:00.588 - Will produce at most: 10 crash dumps
12876: 18:13:00.588 - Service shutting down
12876: 18:13:00.591 - Service shut down complete
27684: 18:47:04.810 - ---
27684: 18:47:04.810 - Service: "Photon Socket Server" starting
27684: 18:47:04.810 - Config File: D:\FantasyOfSango\Server\TestServer\Photon_v4\deploy\bin_Win64\PhotonServer.config
27684: 18:47:04.812 - Will produce at most: 10 crash dumps
27684: 18:47:04.812 - Service shutting down
27684: 18:47:04.813 - Service shut down complete
22532: 19:14:12.701 - ---
22532: 19:14:12.701 - Service: "Photon Socket Server" starting
22532: 19:14:12.701 - Config File: D:\FantasyOfSango\Server\TestServer\Photon_v4\deploy\bin_Win64\PhotonServer.config
22532: 19:14:12.703 - Will produce at most: 10 crash dumps
22532: 19:14:12.703 - Service shutting down
22532: 19:14:12.707 - Service shut down complete
2972: 19:25:01.711 - ---
2972: 19:25:01.711 - Service: "Photon Socket Server" starting
2972: 19:25:01.711 - Config File: D:\FantasyOfSango\Server\TestServer\Photon_v4\deploy\bin_Win64\PhotonServer.config
2972: 19:25:01.713 - Will produce at most: 10 crash dumps
2972: 19:25:01.713 - Service shutting down
2972: 19:25:01.715 - Service shut down complete
24232: 23:19:59.234 - ---
24232: 23:19:59.234 - Service: "Photon Socket Server" starting
24232: 23:19:59.234 - Config File: D:\FantasyOfSango\Server\TestServer\Photon_v4\deploy\bin_Win64\PhotonServer.config
24232: 23:19:59.235 - Will produce at most: 10 crash dumps
24232: 23:19:59.235 - Service shutting down
24232: 23:19:59.241 - Service shut down complete
