29776: 18:07:25.444 - ---
29776: 18:07:25.444 - Service: "Photon Socket Server" starting
29776: 18:07:25.444 - Config File: D:\FantasyOfSango\Server\TestServer\Photon_v4\deploy\bin_Win64\PhotonServer.config
29776: 18:07:25.445 - Will produce at most: 10 crash dumps
29776: 18:07:25.445 - Service shutting down
29776: 18:07:25.447 - Service shut down complete
22276: 18:08:41.970 - ---
22276: 18:08:41.970 - Service: "Photon Socket Server" starting
22276: 18:08:41.970 - Config File: D:\FantasyOfSango\Server\TestServer\Photon_v4\deploy\bin_Win64\PhotonServer.config
22276: 18:08:41.972 - Will produce at most: 10 crash dumps
22276: 18:08:41.972 - Service shutting down
22276: 18:08:41.975 - Service shut down complete
24560: 18:13:44.952 - ---
24560: 18:13:44.952 - Service: "Photon Socket Server" starting
24560: 18:13:44.952 - Config File: D:\FantasyOfSango\Server\TestServer\Photon_v4\deploy\bin_Win64\PhotonServer.config
24560: 18:13:44.954 - Will produce at most: 10 crash dumps
24560: 18:13:44.955 - Service shutting down
24560: 18:13:44.958 - Service shut down complete
22860: 18:19:01.663 - ---
22860: 18:19:01.663 - Service: "Photon Socket Server" starting
22860: 18:19:01.663 - Config File: D:\FantasyOfSango\Server\TestServer\Photon_v4\deploy\bin_Win64\PhotonServer.config
22860: 18:19:01.665 - Will produce at most: 10 crash dumps
22860: 18:19:01.665 - Service shutting down
22860: 18:19:01.669 - Service shut down complete
36024: 19:55:19.430 - ---
36024: 19:55:19.430 - Service: "Photon Socket Server" starting
36024: 19:55:19.430 - Config File: D:\FantasyOfSango\Server\TestServer\Photon_v4\deploy\bin_Win64\PhotonServer.config
36024: 19:55:19.432 - Will produce at most: 10 crash dumps
36024: 19:55:19.432 - Service shutting down
36024: 19:55:19.434 - Service shut down complete
